Removed Pin From Net: NetName=+3.3v Pin=C4-1
Removed Pin From Net: NetName=GND Pin=C4-2
Removed Pin From Net: NetName=+24v Pin=C6-1
Removed Pin From Net: NetName=GND Pin=C7-1
Removed Pin From Net: NetName=+5v Pin=C7-2
Removed Pin From Net: NetName=NetR9_1 Pin=R10-2
Removed Pin From Net: NetName=L Pin=R14-1
Removed Pin From Net: NetName=L Pin=R18-2
Removed Pin From Net: NetName=NetOK1_2 Pin=R25-1
Removed Pin From Net: NetName=L Pin=R26-2
Removed Pin From Net: NetName=NetOK1_1 Pin=R28-1
Removed Pin From Net: NetName=N Pin=R29-2
Removed Pin From Net: NetName=M1_BOOT Pin=U1-1
Removed Pin From Net: NetName=M1_LED Pin=U1-2
Removed Pin From Net: NetName=M1_LED1 Pin=U1-3
Removed Pin From Net: NetName=M1_NRST Pin=U1-4
Removed Pin From Net: NetName=+3.3v Pin=U1-5
Removed Pin From Net: NetName=B2 Pin=U1-6
Removed Pin From Net: NetName=TX Pin=U1-8
Removed Pin From Net: NetName=RX Pin=U1-9
Removed Pin From Net: NetName=CTR Pin=U1-12
Removed Pin From Net: NetName=Zc_INT Pin=U1-13
Removed Pin From Net: NetName=B1 Pin=U1-14
Removed Pin From Net: NetName=GND Pin=U1-15
Removed Pin From Net: NetName=+3.3v Pin=U1-16
Removed Pin From Net: NetName=TX_BUS Pin=U1-17
Removed Pin From Net: NetName=RX_BUS Pin=U1-18
Removed Pin From Net: NetName=M1_SWDIO Pin=U1-19
Removed Pin From Net: NetName=M1_SWCLK Pin=U1-20
Removed Member From Class: ClassName=dimmer Member=R16
Removed Member From Class: ClassName=dimmer Member=R17
Removed Member From Class: ClassName=dimmer Member=R18
Removed Member From Class: ClassName=dimmer Member=R19
Removed Member From Class: ClassName=dimmer Member=R23
Removed Member From Class: ClassName=dimmer Member=R24
Removed Member From Class: ClassName=dimmer Member=R25
Removed Member From Class: ClassName=dimmer Member=R26
Removed Member From Class: ClassName=dimmer Member=R27
Removed Member From Class: ClassName=dimmer Member=R28
Removed Member From Class: ClassName=dimmer Member=R29
Change Component Footprint: Designator=C6 Old Footprint=CAP_EEEFK1V471SV New Footprint=CAPACITOR 0402
Change Component Footprint: Designator=C1 Old Footprint=CAPACITOR 0603 New Footprint=CAPACITOR 0402
Change Component Footprint: Designator=C2 Old Footprint=CAPACITOR 0603 New Footprint=CAPACITOR 0402
Change Component Footprint: Designator=C3 Old Footprint=CAPACITOR 0603 New Footprint=CAPACITOR 0402
Change Component Footprint: Designator=C7 Old Footprint=CAPCHIP1812 New Footprint=CAPACITOR 0402
Change Component Footprint: Designator=R9 Old Footprint=Resistor 1206 New Footprint=MF-200 V
Change Component Footprint: Designator=R10 Old Footprint=Resistor 1206 New Footprint=MF-200 V
Change Component Footprint: Designator=R11 Old Footprint=Resistor 1206 New Footprint=MF-200 V
Change Component Footprint: Designator=R13 Old Footprint=Resistor 1206 New Footprint=MF-200 V
Change Component Footprint: Designator=R15 Old Footprint=Resistor 1206 New Footprint=MF-200 V
Change Component Footprint: Designator=R1 Old Footprint=Resistor 1206 New Footprint=Resistor 0402
Change Component Footprint: Designator=U1 Old Footprint=SOP65P640X120-20N New Footprint=QFP50P1200X1200X160-64N
Change Component Comment : Designator=C9 Old Comment=0.01 New Comment=0.01 CAPRR1000W60L1300T400H900
Change Component Comment : Designator=C10 Old Comment=0.047 New Comment=0.047 CAPRR1000W60L1300T400H900
Change Component Comment : Designator=C6 Old Comment=470µF 35V New Comment=0402 0.1 uF
Change Component Comment : Designator=C1 Old Comment=0603 0.1 uF New Comment=0402 0.1 uF
Change Component Comment : Designator=C2 Old Comment=0603 0.1 uF New Comment=0402 0.1 uF
Change Component Comment : Designator=C3 Old Comment=0603 0.1 uF New Comment=0402 0.1 uF
Change Component Comment : Designator=C7 Old Comment=1812 4.7 uF New Comment=0402 0.1 uF
Change Component Comment : Designator=R1 Old Comment=1206 10 R New Comment=0402 10 R
Change Component Comment : Designator=R15 Old Comment=1206 47 R New Comment=75 kOm 0.5w 5%
Change Component Comment : Designator=R9 Old Comment=1206 47 R New Comment=200 R 0.5w 5%
Change Component Comment : Designator=R10 Old Comment=1206 47 R New Comment=680 R 0.5w 5%
Change Component Comment : Designator=R11 Old Comment=1206 169 R New Comment=47 R 0.5w 5%
Change Component Comment : Designator=R13 Old Comment=1206 169 R New Comment=75 kOm 0.5w 5%
Change Component Comment : Designator=U1 Old Comment=STM32F030F4P6 New Comment=STM32F405RGT6
Change Component Designator: OldDesignator=C1 NewDesignator=C3
Change Component Designator: OldDesignator=C2 NewDesignator=C4
Change Component Designator: OldDesignator=C3 NewDesignator=C8
Change Component Designator: OldDesignator=C9 NewDesignator=C12
Change Component Designator: OldDesignator=C10 NewDesignator=C13
Change Component Designator: OldDesignator=D5 NewDesignator=D4
Change Component Designator: OldDesignator=R19 NewDesignator=R12
Change Component Designator: OldDesignator=R27 NewDesignator=R14
Change component parameters: Designator = "C9" ("C12"); Footprint = "CAPRR1000W60L1300T400H900"; UniqueID = "\HVGVFYDC" ("\HVGVFYDC")
Change component parameters (AddParameter): Name = "value"; Value = "0.01 CAPRR1000W60L1300T400H900"; VariantName = "[No Variations]"
Change component parameters: Designator = "C10" ("C13"); Footprint = "CAPRR1000W60L1300T400H900"; UniqueID = "\XKTBLNRT" ("\XKTBLNRT")
Change component parameters (AddParameter): Name = "value"; Value = "0.047 CAPRR1000W60L1300T400H900"; VariantName = "[No Variations]"
Change component parameters: Designator = "U1" ("U1"); Footprint = "SOP65P640X120-20N"; UniqueID = "\WKSOCOGK" ("\WKSOCOGK")
Change component parameters (AddParameter): Name = "Availability"; Value = "Unavailable"; VariantName = "[No Variations]"
Change component parameters (AddParameter): Name = "MF"; Value = ""; VariantName = "[No Variations]"
Change component parameters (AddParameter): Name = "MP"; Value = "STM32F405RGT6"; VariantName = "[No Variations]"
Change component parameters (AddParameter): Name = "Package"; Value = "None"; VariantName = "[No Variations]"
Change component parameters (AddParameter): Name = "Price"; Value = "None"; VariantName = "[No Variations]"
Change component parameters (AddParameter): Name = "Value"; Value = ""; VariantName = "[No Variations]"
Change component parameters: Designator = "C1" ("C3"); Footprint = "CAPACITOR 0603"; UniqueID = "\JNCUBWXP" ("\JNCUBWXP")
Change component parameters (AddParameter): Name = "Package"; Value = "0402"; VariantName = "[No Variations]"
Change component parameters (AddParameter): Name = "Value"; Value = "0402 0.1 uF"; VariantName = "[No Variations]"
Change component parameters: Designator = "C2" ("C4"); Footprint = "CAPACITOR 0603"; UniqueID = "\PFLVORZZ" ("\PFLVORZZ")
Change component parameters (AddParameter): Name = "Package"; Value = "0402"; VariantName = "[No Variations]"
Change component parameters (AddParameter): Name = "Value"; Value = "0402 0.1 uF"; VariantName = "[No Variations]"
Change component parameters: Designator = "C3" ("C8"); Footprint = "CAPACITOR 0603"; UniqueID = "\IHOEVKUN" ("\IHOEVKUN")
Change component parameters (AddParameter): Name = "Package"; Value = "0402"; VariantName = "[No Variations]"
Change component parameters (AddParameter): Name = "Value"; Value = "0402 0.1 uF"; VariantName = "[No Variations]"
Change component parameters: Designator = "R1" ("R1"); Footprint = "Resistor 1206"; UniqueID = "\CAYGOACR" ("\CAYGOACR")
Change component parameters (AddParameter): Name = "Package"; Value = "0402"; VariantName = "[No Variations]"
Change component parameters (AddParameter): Name = "Value"; Value = "0402 10 R"; VariantName = "[No Variations]"
Change component parameters: Designator = "C6" ("C6"); Footprint = "CAP_EEEFK1V471SV"; UniqueID = "\PBGHFHXI" ("\PBGHFHXI")
Change component parameters (AddParameter): Name = "Package"; Value = "0402"; VariantName = "[No Variations]"
Change component parameters (AddParameter): Name = "Value"; Value = "0402 0.1 uF"; VariantName = "[No Variations]"
Change component parameters: Designator = "R9" ("R9"); Footprint = "Resistor 1206"; UniqueID = "\JJNIGTNG" ("\JJNIGTNG")
Change component parameters (AddParameter): Name = "Body"; Value = "{Body}"; VariantName = "[No Variations]"
Change component parameters (AddParameter): Name = "Class"; Value = "Ёлектронные компоненты"; VariantName = "[No Variations]"
Change component parameters (AddParameter): Name = "Installation"; Value = "{Installation}"; VariantName = "[No Variations]"
Change component parameters (AddParameter): Name = "Ordering_Information"; Value = "{Ordering_Information}"; VariantName = "[No Variations]"
Change component parameters (AddParameter): Name = "Pins"; Value = "2"; VariantName = "[No Variations]"
Change component parameters (AddParameter): Name = "Power_W"; Value = "{Power_W}"; VariantName = "[No Variations]"
Change component parameters (AddParameter): Name = "SubClass"; Value = "–езисторы"; VariantName = "[No Variations]"
Change component parameters (AddParameter): Name = "Tolerance_Percent"; Value = "{Tolerance_Percent}"; VariantName = "[No Variations]"
Change component parameters (AddParameter): Name = "Value"; Value = "200 R 0.5w 5%"; VariantName = "[No Variations]"
Change component parameters: Designator = "R10" ("R10"); Footprint = "Resistor 1206"; UniqueID = "\HHMPQZUY" ("\HHMPQZUY")
Change component parameters (AddParameter): Name = "Body"; Value = "{Body}"; VariantName = "[No Variations]"
Change component parameters (AddParameter): Name = "Class"; Value = "Ёлектронные компоненты"; VariantName = "[No Variations]"
Change component parameters (AddParameter): Name = "Installation"; Value = "{Installation}"; VariantName = "[No Variations]"
Change component parameters (AddParameter): Name = "Ordering_Information"; Value = "{Ordering_Information}"; VariantName = "[No Variations]"
Change component parameters (AddParameter): Name = "Pins"; Value = "2"; VariantName = "[No Variations]"
Change component parameters (AddParameter): Name = "Power_W"; Value = "{Power_W}"; VariantName = "[No Variations]"
Change component parameters (AddParameter): Name = "SubClass"; Value = "–езисторы"; VariantName = "[No Variations]"
Change component parameters (AddParameter): Name = "Tolerance_Percent"; Value = "{Tolerance_Percent}"; VariantName = "[No Variations]"
Change component parameters (AddParameter): Name = "Value"; Value = "680 R 0.5w 5%"; VariantName = "[No Variations]"
Change component parameters: Designator = "R11" ("R11"); Footprint = "Resistor 1206"; UniqueID = "\KMKRMGEL" ("\KMKRMGEL")
Change component parameters (AddParameter): Name = "Body"; Value = "{Body}"; VariantName = "[No Variations]"
Change component parameters (AddParameter): Name = "Class"; Value = "Ёлектронные компоненты"; VariantName = "[No Variations]"
Change component parameters (AddParameter): Name = "Installation"; Value = "{Installation}"; VariantName = "[No Variations]"
Change component parameters (AddParameter): Name = "Ordering_Information"; Value = "{Ordering_Information}"; VariantName = "[No Variations]"
Change component parameters (AddParameter): Name = "Pins"; Value = "2"; VariantName = "[No Variations]"
Change component parameters (AddParameter): Name = "Power_W"; Value = "{Power_W}"; VariantName = "[No Variations]"
Change component parameters (AddParameter): Name = "SubClass"; Value = "–езисторы"; VariantName = "[No Variations]"
Change component parameters (AddParameter): Name = "Tolerance_Percent"; Value = "{Tolerance_Percent}"; VariantName = "[No Variations]"
Change component parameters (AddParameter): Name = "Value"; Value = "47 R 0.5w 5%"; VariantName = "[No Variations]"
Change component parameters: Designator = "R13" ("R13"); Footprint = "Resistor 1206"; UniqueID = "\EQRABWZP" ("\EQRABWZP")
Change component parameters (AddParameter): Name = "Body"; Value = "{Body}"; VariantName = "[No Variations]"
Change component parameters (AddParameter): Name = "Class"; Value = "Ёлектронные компоненты"; VariantName = "[No Variations]"
Change component parameters (AddParameter): Name = "Installation"; Value = "{Installation}"; VariantName = "[No Variations]"
Change component parameters (AddParameter): Name = "Ordering_Information"; Value = "{Ordering_Information}"; VariantName = "[No Variations]"
Change component parameters (AddParameter): Name = "Pins"; Value = "2"; VariantName = "[No Variations]"
Change component parameters (AddParameter): Name = "Power_W"; Value = "{Power_W}"; VariantName = "[No Variations]"
Change component parameters (AddParameter): Name = "SubClass"; Value = "–езисторы"; VariantName = "[No Variations]"
Change component parameters (AddParameter): Name = "Tolerance_Percent"; Value = "{Tolerance_Percent}"; VariantName = "[No Variations]"
Change component parameters (AddParameter): Name = "Value"; Value = "75 kOm 0.5w 5%"; VariantName = "[No Variations]"
Change component parameters: Designator = "R15" ("R15"); Footprint = "Resistor 1206"; UniqueID = "\DGYJRJBN" ("\DGYJRJBN")
Change component parameters (AddParameter): Name = "Body"; Value = "{Body}"; VariantName = "[No Variations]"
Change component parameters (AddParameter): Name = "Class"; Value = "Ёлектронные компоненты"; VariantName = "[No Variations]"
Change component parameters (AddParameter): Name = "Installation"; Value = "{Installation}"; VariantName = "[No Variations]"
Change component parameters (AddParameter): Name = "Ordering_Information"; Value = "{Ordering_Information}"; VariantName = "[No Variations]"
Change component parameters (AddParameter): Name = "Pins"; Value = "2"; VariantName = "[No Variations]"
Change component parameters (AddParameter): Name = "Power_W"; Value = "{Power_W}"; VariantName = "[No Variations]"
Change component parameters (AddParameter): Name = "SubClass"; Value = "–езисторы"; VariantName = "[No Variations]"
Change component parameters (AddParameter): Name = "Tolerance_Percent"; Value = "{Tolerance_Percent}"; VariantName = "[No Variations]"
Change component parameters (AddParameter): Name = "Value"; Value = "75 kOm 0.5w 5%"; VariantName = "[No Variations]"
Change component parameters: Designator = "C7" ("C7"); Footprint = "CAPCHIP1812"; UniqueID = "\QEGMKRDH" ("\QEGMKRDH")
Change component parameters (AddParameter): Name = "Package"; Value = "0402"; VariantName = "[No Variations]"
Change component parameters (AddParameter): Name = "Value"; Value = "0402 0.1 uF"; VariantName = "[No Variations]"
Added Component: Designator=C1(CAPACITOR 0402)
Add component (AddParameter): Name = "Value"; Value = "0402 2.2uF"; VariantName = "[No Variations]"
Added Component: Designator=C2(CAPACITOR 0402)
Add component (AddParameter): Name = "Value"; Value = "0402 2.2uF"; VariantName = "[No Variations]"
Added Component: Designator=C5(CAPACITOR 0402)
Add component (AddParameter): Name = "Package"; Value = "0402"; VariantName = "[No Variations]"
Add component (AddParameter): Name = "Value"; Value = "0402 0.1 uF"; VariantName = "[No Variations]"
Added Component: Designator=C9(CAPACITOR 1206)
Add component (AddParameter): Name = "Package"; Value = "0603"; VariantName = "[No Variations]"
Add component (AddParameter): Name = "Value"; Value = "1206  4.7uF 16v"; VariantName = "[No Variations]"
Added Component: Designator=C10(CAPACITOR 1206)
Add component (AddParameter): Name = "Package"; Value = "0603"; VariantName = "[No Variations]"
Add component (AddParameter): Name = "Value"; Value = "1206  4.7uF 16v"; VariantName = "[No Variations]"
Added Pin To Net: NetName=GND Pin=C1-1
Added Pin To Net: NetName=GND Pin=C2-1
Added Pin To Net: NetName=+3.3v Pin=C5-1
Added Pin To Net: NetName=GND Pin=C5-2
Added Pin To Net: NetName=+3.3v Pin=C6-1
Added Pin To Net: NetName=+3.3v Pin=C7-1
Added Pin To Net: NetName=GND Pin=C7-2
Added Pin To Net: NetName=+3.3v Pin=C9-1
Added Pin To Net: NetName=GND Pin=C9-2
Added Pin To Net: NetName=+5v Pin=C10-1
Added Pin To Net: NetName=GND Pin=C10-2
Added Pin To Net: NetName=L Pin=R10-2
Added Pin To Net: NetName=L Pin=R11-2
Added Pin To Net: NetName=NetOK1_2 Pin=R13-1
Added Pin To Net: NetName=L Pin=R13-2
Added Pin To Net: NetName=NetOK1_1 Pin=R15-1
Added Pin To Net: NetName=N Pin=R15-2
Added Pin To Net: NetName=+3.3v Pin=U1-1
Added Pin To Net: NetName=M1_BOOT Pin=U1-7
Added Pin To Net: NetName=GND Pin=U1-12
Added Pin To Net: NetName=+3.3v Pin=U1-13
Added Pin To Net: NetName=TX_BUS Pin=U1-16
Added Pin To Net: NetName=RX_BUS Pin=U1-17
Added Pin To Net: NetName=GND Pin=U1-18
Added Pin To Net: NetName=+3.3v Pin=U1-19
Added Pin To Net: NetName=B1 Pin=U1-20
Added Pin To Net: NetName=B2 Pin=U1-21
Added Pin To Net: NetName=CTR Pin=U1-24
Added Pin To Net: NetName=Zc_INT Pin=U1-25
Added Pin To Net: NetName=+3.3v Pin=U1-32
Added Pin To Net: NetName=M1_LED Pin=U1-38
Added Pin To Net: NetName=M1_LED1 Pin=U1-39
Added Pin To Net: NetName=TX Pin=U1-42
Added Pin To Net: NetName=RX Pin=U1-43
Added Pin To Net: NetName=M1_SWDIO Pin=U1-46
Added Pin To Net: NetName=+3.3v Pin=U1-48
Added Pin To Net: NetName=M1_SWCLK Pin=U1-49
Added Pin To Net: NetName=M1_NRST Pin=U1-60
Added Pin To Net: NetName=GND Pin=U1-63
Added Pin To Net: NetName=+3.3v Pin=U1-64
Added Pin To Net: NetName=NetR9_1 Pin=U2-6
Change Net Name : Old Net Name=NetC9_1 New Net Name=NetC12_1
Change Net Name : Old Net Name=NetD5_A New Net Name=NetD4_A
Change Net Name : Old Net Name=NetR19_1 New Net Name=NetR12_1
Added Pin To Net: NetName=NetC1_2 Pin=C1-2
Added Pin To Net: NetName=NetC1_2 Pin=U1-31
Added Net: Name=NetC1_2
Added Pin To Net: NetName=NetC2_2 Pin=C2-2
Added Pin To Net: NetName=NetC2_2 Pin=U1-47
Added Net: Name=NetC2_2
Added Pin To Net: NetName=NetC12_2 Pin=C12-2
Added Pin To Net: NetName=NetC12_2 Pin=R11-1
Added Net: Name=NetC12_2
Added Pin To Net: NetName=NetC13_1 Pin=C13-1
Added Pin To Net: NetName=NetC13_1 Pin=R9-2
Added Pin To Net: NetName=NetC13_1 Pin=R10-1
Added Net: Name=NetC13_1
Change Class Name : Old Net Name=dimmer New Net Name=dimmer_v2
Added Member To Class: ClassName=dimmer_v2 Member=Component C5 0402 0.1 uF
Added Member To Class: ClassName=dimmer_v2 Member=Component C8 0402 0.1 uF
Added Member To Class: ClassName=dimmer_v2 Member=Component C12 0.01 CAPRR1000W60L1300T400H900
Added Member To Class: ClassName=dimmer_v2 Member=Component C13 0.047 CAPRR1000W60L1300T400H900
